Loading required package: usethis
* using log directory ‘/home/pacha/Documents/cpp4r/cpp4rtest.Rcheck’
* using R version 4.5.1 (2025-06-13)
* using platform: x86_64-pc-linux-gnu
* R was compiled by
    gcc (GCC) 15.1.1 20250425
    GNU Fortran (GCC) 15.1.1 20250425
* running under: Manjaro Linux
* using session charset: UTF-8
* using options ‘--no-manual --as-cran’
* checking for file ‘cpp4rtest/DESCRIPTION’ ... OK
* this is package ‘cpp4rtest’ version ‘0.1.0’
* package encoding: UTF-8
* checking CRAN incoming feasibility ... [3s/19s] NOTE
Maintainer: ‘Mauricio Vargas Sepulveda <m.vargas.sepulveda@gmail.com>’

New submission
* checking package namespace information ... OK
* checking package dependencies ... OK
* checking if this is a source package ... OK
* checking if there is a namespace ... OK
* checking for executable files ... OK
* checking for hidden files and directories ... OK
* checking for portable file names ... OK
* checking for sufficient/correct file permissions ... OK
* checking serialization versions ... OK
* checking whether package ‘cpp4rtest’ can be installed ... [34s/34s] OK
* used C++ compiler: ‘clang version 20.1.8’
* checking installed package size ... OK
* checking package directory ... OK
* checking for future file timestamps ... OK
* checking DESCRIPTION meta-information ... OK
* checking top-level files ... OK
* checking for left-over files ... OK
* checking index information ... OK
* checking package subdirectories ... OK
* checking code files for non-ASCII characters ... OK
* checking R files for syntax errors ... OK
* checking whether the package can be loaded ... OK
* checking whether the package can be loaded with stated dependencies ... OK
* checking whether the package can be unloaded cleanly ... OK
* checking whether the namespace can be loaded with stated dependencies ... OK
* checking whether the namespace can be unloaded cleanly ... OK
* checking loading without being on the library search path ... OK
* checking use of S3 registration ... OK
* checking dependencies in R code ... OK
* checking S3 generic/method consistency ... OK
* checking replacement functions ... OK
* checking foreign function calls ... OK
* checking R code for possible problems ... OK
* checking Rd files ... OK
* checking Rd metadata ... OK
* checking Rd line widths ... OK
* checking Rd cross-references ... OK
* checking for missing documentation entries ... WARNING
Undocumented code objects:
  ‘_cpp4rtest_assign_cpp4r_’ ‘_cpp4rtest_cpp4r_add_vec_for_’
  ‘_cpp4rtest_cpp4r_insert_’ ‘_cpp4rtest_cpp4r_named_list_c_style_’
  ‘_cpp4rtest_cpp4r_named_list_push_back_’
  ‘_cpp4rtest_cpp4r_push_and_truncate_’ ‘_cpp4rtest_cpp4r_release_’
  ‘_cpp4rtest_cpp4r_safe_’ ‘_cpp4rtest_data_frame_’ ‘_cpp4rtest_grow_’
  ‘_cpp4rtest_grow_cplx_’ ‘_cpp4rtest_grow_strings_cpp4r_’
  ‘_cpp4rtest_grow_strings_manual_’ ‘_cpp4rtest_notroxcpp1_’
  ‘_cpp4rtest_notroxcpp6_’ ‘_cpp4rtest_ordered_map_to_list_’
  ‘_cpp4rtest_protect_many_’ ‘_cpp4rtest_protect_many_cpp4r_’
  ‘_cpp4rtest_protect_many_preserve_’ ‘_cpp4rtest_protect_many_sexp_’
  ‘_cpp4rtest_protect_one_’ ‘_cpp4rtest_protect_one_cpp4r_’
  ‘_cpp4rtest_protect_one_preserve_’ ‘_cpp4rtest_protect_one_sexp_’
  ‘_cpp4rtest_sum_cplx_accumulate_’ ‘_cpp4rtest_sum_cplx_for2_’
  ‘_cpp4rtest_sum_cplx_for_’ ‘_cpp4rtest_sum_cplx_for_2_’
  ‘_cpp4rtest_sum_cplx_for_3_’ ‘_cpp4rtest_sum_cplx_for_4_’
  ‘_cpp4rtest_sum_cplx_for_5_’ ‘_cpp4rtest_sum_cplx_for_6_’
  ‘_cpp4rtest_sum_cplx_foreach_’ ‘_cpp4rtest_sum_dbl_accumulate2_’
  ‘_cpp4rtest_sum_dbl_accumulate_’ ‘_cpp4rtest_sum_dbl_for2_’
  ‘_cpp4rtest_sum_dbl_for3_’ ‘_cpp4rtest_sum_dbl_for_’
  ‘_cpp4rtest_sum_dbl_foreach2_’ ‘_cpp4rtest_sum_dbl_foreach_’
  ‘_cpp4rtest_sum_int_accumulate_’ ‘_cpp4rtest_sum_int_for2_’
  ‘_cpp4rtest_sum_int_for_’ ‘_cpp4rtest_sum_int_foreach_’
  ‘_cpp4rtest_unordered_map_to_list_’ ‘notroxcpp1_’ ‘notroxcpp6_’
All user-level objects in a package should have documentation entries.
See chapter ‘Writing R documentation files’ in the ‘Writing R
Extensions’ manual.
* checking for code/documentation mismatches ... OK
* checking Rd \usage sections ... OK
* checking Rd contents ... OK
* checking for unstated dependencies in examples ... OK
* checking line endings in C/C++/Fortran sources/headers ... OK
* checking line endings in Makefiles ... OK
* checking compilation flags in Makevars ... OK
* checking for GNU extensions in Makefiles ... OK
* checking for portable use of $(BLAS_LIBS) and $(LAPACK_LIBS) ... OK
* checking use of PKG_*FLAGS in Makefiles ... OK
* checking use of SHLIB_OPENMP_*FLAGS in Makefiles ... OK
* checking pragmas in C/C++ headers and code ... OK
* checking compilation flags used ... OK
* checking compiled code ... OK
* checking examples ... OK
* checking for unstated dependencies in ‘tests’ ... OK
* checking tests ...
  Running ‘testthat.R’
 OK
* checking for non-standard things in the check directory ... OK
* checking for detritus in the temp directory ... OK
* DONE

Status: 1 WARNING, 1 NOTE
See
  ‘/home/pacha/Documents/cpp4r/cpp4rtest.Rcheck/00check.log’
for details.

